[debug] [2023-01-12T10:50:01.702Z] ----------------------------------------------------------------------
[debug] [2023-01-12T10:50:01.704Z] Command:       /usr/local/bin/node /usr/local/bin/firebase init
[debug] [2023-01-12T10:50:01.705Z] CLI Version:   11.20.0
[debug] [2023-01-12T10:50:01.705Z] Platform:      darwin
[debug] [2023-01-12T10:50:01.705Z] Node Version:  v18.13.0
[debug] [2023-01-12T10:50:01.706Z] Time:          Thu Jan 12 2023 17:50:01 GMT+0700 (Indochina Time)
[debug] [2023-01-12T10:50:01.706Z] ----------------------------------------------------------------------
[debug] 
[debug] [2023-01-12T10:50:01.713Z] > command requires scopes: ["email","openid","https://www.googleapis.com/auth/cloudplatformprojects.readonly","https://www.googleapis.com/auth/firebase","https://www.googleapis.com/auth/cloud-platform"]
[debug] [2023-01-12T10:50:01.713Z] > authorizing via signed-in user (tienthanh.jlw@gmail.com)
[info] 
     ######## #### ########  ######## ########     ###     ######  ########
     ##        ##  ##     ## ##       ##     ##  ##   ##  ##       ##
     ######    ##  ########  ######   ########  #########  ######  ######
     ##        ##  ##    ##  ##       ##     ## ##     ##       ## ##
     ##       #### ##     ## ######## ########  ##     ##  ######  ########

You're about to initialize a Firebase project in this directory:

  /Users/nguyenthanh/Documents/Study/astro/thanhblog

[info] 
=== Project Setup
[info] 
[info] First, let's associate this project directory with a Firebase project.
[info] You can create multiple project aliases by running firebase use --add, 
[info] but for now we'll just set up a default project.
[info] 
[info] i  If you want to create a project in a Google Cloud organization or folder, please use "firebase projects:create" instead, and return to this command when you've created the project. 
[debug] [2023-01-12T10:50:33.786Z] >>> [apiv2][query] POST https://cloudresourcemanager.googleapis.com/v1/projects [none]
[debug] [2023-01-12T10:50:33.786Z] >>> [apiv2][body] POST https://cloudresourcemanager.googleapis.com/v1/projects {"projectId":"thanhnguyenblog","name":"thanhblog"}
[debug] [2023-01-12T10:50:38.406Z] <<< [apiv2][status] POST https://cloudresourcemanager.googleapis.com/v1/projects 200
[debug] [2023-01-12T10:50:38.406Z] <<< [apiv2][body] POST https://cloudresourcemanager.googleapis.com/v1/projects {"name":"operations/cp.6534618763074705174"}
[debug] [2023-01-12T10:50:38.407Z] >>> [apiv2][query] GET https://cloudresourcemanager.googleapis.com/v1/operations/cp.6534618763074705174 [none]
[debug] [2023-01-12T10:50:39.916Z] <<< [apiv2][status] GET https://cloudresourcemanager.googleapis.com/v1/operations/cp.6534618763074705174 200
[debug] [2023-01-12T10:50:39.916Z] <<< [apiv2][body] GET https://cloudresourcemanager.googleapis.com/v1/operations/cp.6534618763074705174 {"name":"operations/cp.6534618763074705174"}
[debug] [2023-01-12T10:50:40.418Z] [Project Creation Poller] Retrying task index 0
[debug] [2023-01-12T10:50:40.418Z] >>> [apiv2][query] GET https://cloudresourcemanager.googleapis.com/v1/operations/cp.6534618763074705174 [none]
[debug] [2023-01-12T10:50:41.964Z] <<< [apiv2][status] GET https://cloudresourcemanager.googleapis.com/v1/operations/cp.6534618763074705174 200
[debug] [2023-01-12T10:50:41.964Z] <<< [apiv2][body] GET https://cloudresourcemanager.googleapis.com/v1/operations/cp.6534618763074705174 {"name":"operations/cp.6534618763074705174","metadata":{"@type":"type.googleapis.com/google.cloudresourcemanager.v1.ProjectCreationStatus","gettable":true,"ready":true},"done":true,"response":{"@type":"type.googleapis.com/google.cloudresourcemanager.v1.Project","projectNumber":"169155664107","projectId":"thanhnguyenblog","lifecycleState":"ACTIVE","name":"thanhblog","createTime":"2023-01-12T10:50:39.809Z"}}
[debug] [2023-01-12T10:50:41.966Z] >>> [apiv2][query] POST https://firebase.googleapis.com/v1beta1/projects/thanhnguyenblog:addFirebase [none]
[debug] [2023-01-12T10:50:48.432Z] <<< [apiv2][status] POST https://firebase.googleapis.com/v1beta1/projects/thanhnguyenblog:addFirebase 200
[debug] [2023-01-12T10:50:48.432Z] <<< [apiv2][body] POST https://firebase.googleapis.com/v1beta1/projects/thanhnguyenblog:addFirebase {"name":"operations/workflows/M2Q0MTdiMDYtNWE3ZC00MTc3LTgwOGItYTQzMjRlZTYyNTU4"}
[debug] [2023-01-12T10:50:48.432Z] >>> [apiv2][query] GET https://firebase.googleapis.com/v1beta1/operations/workflows/M2Q0MTdiMDYtNWE3ZC00MTc3LTgwOGItYTQzMjRlZTYyNTU4 [none]
[debug] [2023-01-12T10:50:49.462Z] <<< [apiv2][status] GET https://firebase.googleapis.com/v1beta1/operations/workflows/M2Q0MTdiMDYtNWE3ZC00MTc3LTgwOGItYTQzMjRlZTYyNTU4 200
[debug] [2023-01-12T10:50:49.462Z] <<< [apiv2][body] GET https://firebase.googleapis.com/v1beta1/operations/workflows/M2Q0MTdiMDYtNWE3ZC00MTc3LTgwOGItYTQzMjRlZTYyNTU4 {"name":"operations/workflows/M2Q0MTdiMDYtNWE3ZC00MTc3LTgwOGItYTQzMjRlZTYyNTU4"}
[debug] [2023-01-12T10:50:49.964Z] [Add Firebase Poller] Retrying task index 0
[debug] [2023-01-12T10:50:49.964Z] >>> [apiv2][query] GET https://firebase.googleapis.com/v1beta1/operations/workflows/M2Q0MTdiMDYtNWE3ZC00MTc3LTgwOGItYTQzMjRlZTYyNTU4 [none]
[debug] [2023-01-12T10:50:51.084Z] <<< [apiv2][status] GET https://firebase.googleapis.com/v1beta1/operations/workflows/M2Q0MTdiMDYtNWE3ZC00MTc3LTgwOGItYTQzMjRlZTYyNTU4 200
[debug] [2023-01-12T10:50:51.085Z] <<< [apiv2][body] GET https://firebase.googleapis.com/v1beta1/operations/workflows/M2Q0MTdiMDYtNWE3ZC00MTc3LTgwOGItYTQzMjRlZTYyNTU4 {"name":"operations/workflows/M2Q0MTdiMDYtNWE3ZC00MTc3LTgwOGItYTQzMjRlZTYyNTU4"}
[debug] [2023-01-12T10:50:52.086Z] [Add Firebase Poller] Retrying task index 0
[debug] [2023-01-12T10:50:52.086Z] >>> [apiv2][query] GET https://firebase.googleapis.com/v1beta1/operations/workflows/M2Q0MTdiMDYtNWE3ZC00MTc3LTgwOGItYTQzMjRlZTYyNTU4 [none]
[debug] [2023-01-12T10:50:53.041Z] <<< [apiv2][status] GET https://firebase.googleapis.com/v1beta1/operations/workflows/M2Q0MTdiMDYtNWE3ZC00MTc3LTgwOGItYTQzMjRlZTYyNTU4 200
[debug] [2023-01-12T10:50:53.041Z] <<< [apiv2][body] GET https://firebase.googleapis.com/v1beta1/operations/workflows/M2Q0MTdiMDYtNWE3ZC00MTc3LTgwOGItYTQzMjRlZTYyNTU4 {"name":"operations/workflows/M2Q0MTdiMDYtNWE3ZC00MTc3LTgwOGItYTQzMjRlZTYyNTU4"}
[debug] [2023-01-12T10:50:55.043Z] [Add Firebase Poller] Retrying task index 0
[debug] [2023-01-12T10:50:55.043Z] >>> [apiv2][query] GET https://firebase.googleapis.com/v1beta1/operations/workflows/M2Q0MTdiMDYtNWE3ZC00MTc3LTgwOGItYTQzMjRlZTYyNTU4 [none]
[debug] [2023-01-12T10:50:56.298Z] <<< [apiv2][status] GET https://firebase.googleapis.com/v1beta1/operations/workflows/M2Q0MTdiMDYtNWE3ZC00MTc3LTgwOGItYTQzMjRlZTYyNTU4 200
[debug] [2023-01-12T10:50:56.299Z] <<< [apiv2][body] GET https://firebase.googleapis.com/v1beta1/operations/workflows/M2Q0MTdiMDYtNWE3ZC00MTc3LTgwOGItYTQzMjRlZTYyNTU4 {"name":"operations/workflows/M2Q0MTdiMDYtNWE3ZC00MTc3LTgwOGItYTQzMjRlZTYyNTU4"}
[debug] [2023-01-12T10:51:00.300Z] [Add Firebase Poller] Retrying task index 0
[debug] [2023-01-12T10:51:00.300Z] >>> [apiv2][query] GET https://firebase.googleapis.com/v1beta1/operations/workflows/M2Q0MTdiMDYtNWE3ZC00MTc3LTgwOGItYTQzMjRlZTYyNTU4 [none]
[debug] [2023-01-12T10:51:04.490Z] <<< [apiv2][status] GET https://firebase.googleapis.com/v1beta1/operations/workflows/M2Q0MTdiMDYtNWE3ZC00MTc3LTgwOGItYTQzMjRlZTYyNTU4 200
[debug] [2023-01-12T10:51:04.490Z] <<< [apiv2][body] GET https://firebase.googleapis.com/v1beta1/operations/workflows/M2Q0MTdiMDYtNWE3ZC00MTc3LTgwOGItYTQzMjRlZTYyNTU4 {"name":"operations/workflows/M2Q0MTdiMDYtNWE3ZC00MTc3LTgwOGItYTQzMjRlZTYyNTU4","done":true,"response":{"@type":"type.googleapis.com/google.firebase.service.v1beta1.FirebaseProject","projectId":"thanhnguyenblog","projectNumber":"169155664107","displayName":"thanhblog","name":"projects/thanhnguyenblog","resources":{"hostingSite":"thanhnguyenblog"}}}
[info] 
[info] 🎉🎉🎉 Your Firebase project is ready! 🎉🎉🎉
[info] 
[info] Project information:
[info]    - Project ID: thanhnguyenblog
[info]    - Project Name: thanhblog
[info] 
[info] Firebase console is available at
[info] https://console.firebase.google.com/project/thanhnguyenblog/overview
[info] i  Using project thanhnguyenblog (thanhblog) 
[info] 
=== Hosting Setup
[info] 
[info] Your public directory is the folder (relative to your project directory) that
[info] will contain Hosting assets to be uploaded with firebase deploy. If you
[info] have a build process for your assets, use your build's output directory.
[info] 
[debug] [2023-01-12T10:51:37.955Z] >>> [apiv2][query] GET https://www.gstatic.com/firebasejs/releases.json [none]
[debug] [2023-01-12T10:51:38.142Z] <<< [apiv2][status] GET https://www.gstatic.com/firebasejs/releases.json 200
[debug] [2023-01-12T10:51:38.142Z] <<< [apiv2][body] GET https://www.gstatic.com/firebasejs/releases.json {"current":{"version":"9.15.0","browserURL":"https://www.gstatic.com/firebasejs/9.15.0/firebase.js","packageURL":"https://www.gstatic.com/firebasejs/9.15.0/firebase.tgz"},"live":{"version":"9.15","browserURL":"https://www.gstatic.com/firebasejs/live/9.15/firebase.js","packageURL":"https://www.gstatic.com/firebasejs/live/9.15/firebase.tgz"},"components":{"analytics":"https://www.gstatic.com/firebasejs/9.15.0/firebase-analytics.js","app":"https://www.gstatic.com/firebasejs/9.15.0/firebase-app.js","app-check":"https://www.gstatic.com/firebasejs/9.15.0/firebase-app-check.js","auth":"https://www.gstatic.com/firebasejs/9.15.0/firebase-auth.js","auth/cordova":"https://www.gstatic.com/firebasejs/9.15.0/firebase-auth/cordova.js","auth/react-native":"https://www.gstatic.com/firebasejs/9.15.0/firebase-auth/react-native.js","functions":"https://www.gstatic.com/firebasejs/9.15.0/firebase-functions.js","firestore":"https://www.gstatic.com/firebasejs/9.15.0/firebase-firestore.js","firestore/lite":"https://www.gstatic.com/firebasejs/9.15.0/firebase-firestore/lite.js","installations":"https://www.gstatic.com/firebasejs/9.15.0/firebase-installations.js","storage":"https://www.gstatic.com/firebasejs/9.15.0/firebase-storage.js","performance":"https://www.gstatic.com/firebasejs/9.15.0/firebase-performance.js","remote-config":"https://www.gstatic.com/firebasejs/9.15.0/firebase-remote-config.js","messaging":"https://www.gstatic.com/firebasejs/9.15.0/firebase-messaging.js","messaging/sw":"https://www.gstatic.com/firebasejs/9.15.0/firebase-messaging/sw.js","database":"https://www.gstatic.com/firebasejs/9.15.0/firebase-database.js","firestore.memory":"https://www.gstatic.com/firebasejs/9.15.0/firebase-firestore.memory.js"}}
[info] ✔  Wrote y/index.html 
[info] 
[info] i  Detected a .git folder at /Users/nguyenthanh/Documents/Study/astro/thanhblog 
[info] i  Authorizing with GitHub to upload your service account to a GitHub repository's secrets store. 
[info] 
[info] Visit this URL on this device to log in:
[info] https://github.com/login/oauth/authorize?client_id=89cf50f02ac6aaed3484&state=1056194121&redirect_uri=http%3A%2F%2Flocalhost%3A9005&scope=read%3Auser%20repo%20public_repo
[info] 
[info] Waiting for authentication...
[debug] [2023-01-12T10:51:51.143Z] >>> [apiv2][query] POST https://github.com/login/oauth/access_token [none]
[debug] [2023-01-12T10:51:51.143Z] >>> [apiv2][body] POST https://github.com/login/oauth/access_token [stream]
[debug] [2023-01-12T10:51:51.647Z] <<< [apiv2][status] POST https://github.com/login/oauth/access_token 200
[debug] [2023-01-12T10:51:51.647Z] <<< [apiv2][body] POST https://github.com/login/oauth/access_token {"access_token":"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","token_type":"bearer","scope":"read:user,repo"}
[debug] [2023-01-12T10:51:51.661Z] >>> [apiv2][query] GET https://api.github.com/user [none]
[debug] [2023-01-12T10:51:52.245Z] <<< [apiv2][status] GET https://api.github.com/user 200
[debug] [2023-01-12T10:51:52.245Z] <<< [apiv2][body] GET https://api.github.com/user {"login":"tienthanhjlw","id":2192749,"node_id":"MDQ6VXNlcjIxOTI3NDk=","avatar_url":"https://avatars.githubusercontent.com/u/2192749?v=4","gravatar_id":"","url":"https://api.github.com/users/tienthanhjlw","html_url":"https://github.com/tienthanhjlw","followers_url":"https://api.github.com/users/tienthanhjlw/followers","following_url":"https://api.github.com/users/tienthanhjlw/following{/other_user}","gists_url":"https://api.github.com/users/tienthanhjlw/gists{/gist_id}","starred_url":"https://api.github.com/users/tienthanhjlw/starred{/owner}{/repo}","subscriptions_url":"https://api.github.com/users/tienthanhjlw/subscriptions","organizations_url":"https://api.github.com/users/tienthanhjlw/orgs","repos_url":"https://api.github.com/users/tienthanhjlw/repos","events_url":"https://api.github.com/users/tienthanhjlw/events{/privacy}","received_events_url":"https://api.github.com/users/tienthanhjlw/received_events","type":"User","site_admin":false,"name":"Nguyễn Tiến Thành","company":"@Fsoft","blog":"","location":"Ha Noi - Viet Nam","email":null,"hireable":true,"bio":"love code :)","twitter_username":null,"public_repos":17,"public_gists":1,"followers":29,"following":50,"created_at":"2012-08-21T23:25:49Z","updated_at":"2023-01-10T03:25:15Z","private_gists":1,"total_private_repos":1,"owned_private_repos":1,"disk_usage":11674,"collaborators":0,"two_factor_authentication":false,"plan":{"name":"free","space":976562499,"collaborators":0,"private_repos":10000}}
[info] 
[info] ✔  Success! Logged into GitHub as tienthanhjlw 
[info] 
[debug] [2023-01-12T10:52:06.777Z] >>> [apiv2][query] GET https://api.github.com/repos//actions/secrets/public-key type=owner
[debug] [2023-01-12T10:52:07.263Z] <<< [apiv2][status] GET https://api.github.com/repos//actions/secrets/public-key 404
[debug] [2023-01-12T10:52:07.263Z] <<< [apiv2][body] GET https://api.github.com/repos//actions/secrets/public-key {"message":"Not Found","documentation_url":"https://docs.github.com/rest"}
[debug] [2023-01-12T10:52:08.767Z] >>> [apiv2][query] GET https://api.github.com/repos//actions/secrets/public-key type=owner
[debug] [2023-01-12T10:52:09.322Z] <<< [apiv2][status] GET https://api.github.com/repos//actions/secrets/public-key 404
[debug] [2023-01-12T10:52:09.322Z] <<< [apiv2][body] GET https://api.github.com/repos//actions/secrets/public-key {"message":"Not Found","documentation_url":"https://docs.github.com/rest"}
[debug] [2023-01-12T10:52:10.636Z] >>> [apiv2][query] GET https://api.github.com/repos//actions/secrets/public-key type=owner
[debug] [2023-01-12T10:52:11.100Z] <<< [apiv2][status] GET https://api.github.com/repos//actions/secrets/public-key 404
[debug] [2023-01-12T10:52:11.100Z] <<< [apiv2][body] GET https://api.github.com/repos//actions/secrets/public-key {"message":"Not Found","documentation_url":"https://docs.github.com/rest"}
[debug] [2023-01-12T10:52:16.775Z] >>> [apiv2][query] GET https://api.github.com/repos/no/actions/secrets/public-key type=owner
[debug] [2023-01-12T10:52:17.294Z] <<< [apiv2][status] GET https://api.github.com/repos/no/actions/secrets/public-key 404
[debug] [2023-01-12T10:52:17.294Z] <<< [apiv2][body] GET https://api.github.com/repos/no/actions/secrets/public-key {"message":"Not Found","documentation_url":"https://docs.github.com/rest"}
[debug] [2023-01-12T10:52:20.166Z] >>> [apiv2][query] GET https://api.github.com/repos/nono/actions/secrets/public-key type=owner
[debug] [2023-01-12T10:52:20.643Z] <<< [apiv2][status] GET https://api.github.com/repos/nono/actions/secrets/public-key 404
[debug] [2023-01-12T10:52:20.643Z] <<< [apiv2][body] GET https://api.github.com/repos/nono/actions/secrets/public-key {"message":"Not Found","documentation_url":"https://docs.github.com/rest"}
